\BOOKMARK [0][]{chapter*.1}{\376\377\144\130\211\201}{}% 1
\BOOKMARK [0][]{ustctoc.0}{\376\377\166\356\137\125}{}% 2
\BOOKMARK [0][]{chapter.1}{\376\377\173\054\0001\172\340\000\040\000\040\173\200\116\313}{}% 3
\BOOKMARK [1][-]{section.1.1}{\376\377\0001\000.\0001\000\040\166\356\166\204}{chapter.1}% 4
\BOOKMARK [1][-]{section.1.2}{\376\377\0001\000.\0002\000\040\203\003\126\364}{chapter.1}% 5
\BOOKMARK [0][]{chapter.2}{\376\377\173\054\0002\172\340\000\040\000\040\140\073\117\123\151\202\217\360}{}% 6
\BOOKMARK [1][-]{section.2.1}{\376\377\0002\000.\0001\000\040\217\157\116\366\151\202\217\360}{chapter.2}% 7
\BOOKMARK [2][-]{subsection.2.1.1}{\376\377\0002\000.\0001\000.\0001\000\040\230\171\166\356\116\313\176\315}{section.2.1}% 8
\BOOKMARK [2][-]{subsection.2.1.2}{\376\377\0002\000.\0001\000.\0002\000\040\116\247\124\301\163\257\130\203\116\313\176\315}{section.2.1}% 9
\BOOKMARK [1][-]{section.2.2}{\376\377\0002\000.\0002\000\040\217\157\116\366\122\237\200\375}{chapter.2}% 10
\BOOKMARK [1][-]{section.2.3}{\376\377\0002\000.\0003\000\040\165\050\142\067\162\171\137\201}{chapter.2}% 11
\BOOKMARK [1][-]{section.2.4}{\376\377\0002\000.\0004\000\040\120\107\213\276\124\214\117\235\215\126\121\163\174\373}{chapter.2}% 12
\BOOKMARK [1][-]{section.2.5}{\376\377\0002\000.\0005\000\040\137\000\123\321\147\037\226\120}{chapter.2}% 13
\BOOKMARK [0][]{chapter.3}{\376\377\173\054\0003\172\340\000\040\000\040\121\167\117\123\227\000\154\102}{}% 14
\BOOKMARK [1][-]{section.3.1}{\376\377\0003\000.\0001\000\040\122\237\200\375\227\000\154\102}{chapter.3}% 15
\BOOKMARK [2][-]{subsection.3.1.1}{\376\377\0003\000.\0001\000.\0001\000\040\174\276\136\246}{section.3.1}% 16
\BOOKMARK [2][-]{subsection.3.1.2}{\376\377\0003\000.\0001\000.\0002\000\040\145\366\225\364\162\171\140\047\211\201\154\102}{section.3.1}% 17
\BOOKMARK [2][-]{subsection.3.1.3}{\376\377\0003\000.\0001\000.\0003\000\040\160\165\155\073\140\047\211\201\154\102}{section.3.1}% 18
\BOOKMARK [2][-]{subsection.3.1.4}{\376\377\0003\000.\0001\000.\0004\000\040\145\160\143\156\173\241\164\006\200\375\122\233\211\201\154\102}{section.3.1}% 19
\BOOKMARK [2][-]{subsection.3.1.5}{\376\377\0003\000.\0001\000.\0005\000\040\145\105\226\234\131\004\164\006\211\201\154\102}{section.3.1}% 20
\BOOKMARK [2][-]{subsection.3.1.6}{\376\377\0003\000.\0001\000.\0006\000\040\165\050\142\067\152\041\137\017\116\016\143\245\123\343}{section.3.1}% 21
\BOOKMARK [2][-]{subsection.3.1.7}{\376\377\0003\000.\0001\000.\0007\000\040\121\166\116\326\116\023\225\350\211\201\154\102}{section.3.1}% 22
\BOOKMARK [0][]{chapter.4}{\376\377\173\054\0004\172\340\000\040\000\040\140\073\117\123\213\276\213\241\176\246\147\137}{}% 23
\BOOKMARK [1][-]{section.4.1}{\376\377\0004\000.\0001\000\040\150\007\121\306\173\046\124\010\140\047}{chapter.4}% 24
\BOOKMARK [1][-]{section.4.2}{\376\377\0004\000.\0002\000\040\170\154\116\366\176\246\147\137}{chapter.4}% 25
\BOOKMARK [1][-]{section.4.3}{\376\377\0004\000.\0003\000\040\142\200\147\057\226\120\122\066}{chapter.4}% 26
\BOOKMARK [0][]{chapter.5}{\376\377\173\054\0005\172\340\000\040\000\040\217\157\116\366\215\050\221\317\162\171\140\047}{}% 27
\BOOKMARK [0][]{chapter.6}{\376\377\173\054\0006\172\340\000\040\000\040\121\166\116\326\227\000\154\102}{}% 28
\BOOKMARK [1][-]{section.6.1}{\376\377\0006\000.\0001\000\040\145\160\143\156\136\223}{chapter.6}% 29
\BOOKMARK [1][-]{section.6.2}{\376\377\0006\000.\0002\000\040\147\054\127\060\123\026}{chapter.6}% 30
\BOOKMARK [1][-]{section.6.3}{\376\377\0006\000.\0003\000\040\177\026\170\001\227\000\154\102}{chapter.6}% 31
\BOOKMARK [0][]{chapter.7}{\376\377\173\054\0007\172\340\000\040\000\040\117\235\215\126\121\163\174\373}{}% 32
\BOOKMARK [1][-]{section.7.1}{\376\377\0007\000.\0001\000\040\121\205\220\350\117\235\215\126\121\163\174\373}{chapter.7}% 33
\BOOKMARK [1][-]{section.7.2}{\376\377\0007\000.\0002\000\040\131\026\220\350\117\235\215\126\121\163\174\373}{chapter.7}% 34
\BOOKMARK [0][]{chapter.8}{\376\377\173\054\0008\172\340\000\040\000\040\227\000\154\102\122\006\176\247}{}% 35
\BOOKMARK [0][]{chapter.9}{\376\377\173\054\0009\172\340\000\040\000\040\137\205\170\156\133\232\225\356\230\230}{}% 36
